<?xml version="1.0" encoding="UTF-8"?>
<testng-results skipped="0" failed="0" ignored="0" total="1" passed="1">
  <reporter-output>
  </reporter-output>
  <suite name="Default suite" duration-ms="13749" started-at="2019-08-05T09:52:17Z" finished-at="2019-08-05T09:52:31Z">
    <groups>
    </groups>
    <test name="Default test" duration-ms="13749" started-at="2019-08-05T09:52:17Z" finished-at="2019-08-05T09:52:31Z">
      <class name="com.jbk.qa.testcases.AboutSirPageTest">
        <test-method status="PASS" signature="setUp()[pri:0, instance:com.jbk.qa.testcases.AboutSirPageTest@523884b2]" name="setUp" is-config="true" duration-ms="12173" started-at="2019-08-05T09:52:17Z" finished-at="2019-08-05T09:52:29Z">
          <reporter-output>
          </reporter-output>
        </test-method> <!-- setUp -->
        <test-method status="PASS" signature="aboutSirLinkTest()[pri:0, instance:com.jbk.qa.testcases.AboutSirPageTest@523884b2]" name="aboutSirLinkTest" duration-ms="770" started-at="2019-08-05T09:52:29Z" finished-at="2019-08-05T09:52:30Z">
          <reporter-output>
          </reporter-output>
        </test-method> <!-- aboutSirLinkTest -->
        <test-method status="PASS" signature="tearDown()[pri:0, instance:com.jbk.qa.testcases.AboutSirPageTest@523884b2]" name="tearDown" is-config="true" duration-ms="762" started-at="2019-08-05T09:52:30Z" finished-at="2019-08-05T09:52:31Z">
          <reporter-output>
          </reporter-output>
        </test-method> <!-- tearDown -->
      </class> <!-- com.jbk.qa.testcases.AboutSirPageTest -->
    </test> <!-- Default test -->
  </suite> <!-- Default suite -->
</testng-results>
