<?xml version="1.0" encoding="UTF-8"?>
<!-- Generated by org.testng.reporters.JUnitXMLReporter -->
<testsuite hostname="DESKTOP-SJFLRU4" ignored="0" name="Default test" tests="7" failures="0" timestamp="31 Jul 2019 06:27:16 GMT" time="75.453" errors="0">
  <testcase name="imageOneCountTest" time="0.261" classname="com.jbk.qa.testcases.ImageOnePageTest"/>
  <testcase name="imageOneZoomInTest" time="0.432" classname="com.jbk.qa.testcases.ImageOnePageTest"/>
  <testcase name="imageOneZoomOutTest" time="0.4" classname="com.jbk.qa.testcases.ImageOnePageTest"/>
  <testcase name="toggleFullscreenImageOneTest" time="0.282" classname="com.jbk.qa.testcases.ImageOnePageTest"/>
  <testcase name="detoggleFullscreenImageOneTest" time="0.378" classname="com.jbk.qa.testcases.ImageOnePageTest"/>
  <testcase name="shareImageOneTest" time="0.432" classname="com.jbk.qa.testcases.ImageOnePageTest"/>
  <testcase name="shareImageOneOnFacebookTest" time="0.292" classname="com.jbk.qa.testcases.ImageOnePageTest"/>
</testsuite> <!-- Default test -->
